[2016-12-08 19:48:39] Uploading application on server [52.212.3.131]
[2016-12-08 19:48:39] Computing changes...
[2016-12-08 19:48:42] Found 13 file(s) changed
[2016-12-08 19:48:42] --------------------------------------------
[2016-12-08 19:48:42] UPDATE                  /page4.jsp
[2016-12-08 19:48:42] UPDATE                  /page5.jsp
[2016-12-08 19:48:42] UPDATE                  /page13.jsp
[2016-12-08 19:48:42] UPDATE                  /page6.jsp
[2016-12-08 19:48:42] UPDATE                  /page12.jsp
[2016-12-08 19:48:42] UPDATE                  /page16.jsp
[2016-12-08 19:48:42] UPDATE                  /page3.jsp
[2016-12-08 19:48:42] UPDATE          RESTART /WEB-INF/lib/com.webratio.struts.jar
[2016-12-08 19:48:42] UPDATE                  /page14.jsp
[2016-12-08 19:48:42] UPDATE                  /page10.jsp
[2016-12-08 19:48:42] UPDATE                  /page8.jsp
[2016-12-08 19:48:42] UPDATE                  /page17.jsp
[2016-12-08 19:48:42] UPDATE                  /page7.jsp
[2016-12-08 19:48:42] --------------------------------------------
[2016-12-08 19:48:42] Stopping application server
[2016-12-08 19:48:53] Uploading changes (536.9 KB)
[2016-12-08 19:48:55] Starting application server
