[2016-11-26 19:49:26] Uploading application on server [52.51.141.157]
[2016-11-26 19:49:26] Computing changes...
[2016-11-26 19:49:29] Found 397 file(s) changed
[2016-11-26 19:49:29] --------------------------------------------
[2016-11-26 19:49:29] ADD                     /WEB-INF/derby/ServiceDB/seg0/c7c0.dat
[2016-11-26 19:49:29] UPDATE                  /WEB-INF/descr/cru1.descr
[2016-11-26 19:49:29] REMOTE_ADD              /BootstrapStyle/js/bootstrap-filestyle.js
[2016-11-26 19:49:29] ADD                     /WEB-INF/derby/ServiceDB/seg0/c521.dat
[2016-11-26 19:49:29] ADD                     /WEB-INF/derby/ServiceDB/seg0/c241.dat
[2016-11-26 19:49:29] ADD                     /WEB-INF/classes/com/webratio/webapp/serviceRequest/ServiceRequest.java
[2016-11-26 19:49:29] ADD                     /WEB-INF/descr/mssu4.descr
[2016-11-26 19:49:29] ADD                     /WEB-INF/derby/ServiceDB/seg0/c290.dat
[2016-11-26 19:49:29] ADD                     /WEB-INF/derby/ServiceDB/seg0/c500.dat
[2016-11-26 19:49:29] ADD                     /WEB-INF/derby/ServiceDB/seg0/c2c1.dat
[2016-11-26 19:49:29] ADD                     /WEB-INF/descr/pwu2Block.descr
[2016-11-26 19:49:29] ADD                     /WEB-INF/descr/seu7.descr
[2016-11-26 19:49:29] ADD                     /WEB-INF/descr/lgu3.descr
[2016-11-26 19:49:29] ADD                     /WEB-INF/derby/ServiceDB/seg0/c251.dat
[2016-11-26 19:49:29] ADD                     /WEB-INF/descr/pwu1Last.descr
[2016-11-26 19:49:29] ADD                     /WEB-INF/descr/lou2.descr
[2016-11-26 19:49:29] ADD                     /WEB-INF/derby/ServiceDB/seg0/c451.dat
[2016-11-26 19:49:29] UPDATE                  /WEB-INF/descr/page1.descr
[2016-11-26 19:49:29] ADD                     /WEB-INF/derby/ServiceDB/seg0/c551.dat
[2016-11-26 19:49:29] ADD                     /.StoreMapping
[2016-11-26 19:49:29] ADD                     /WEB-INF/derby/ServiceDB/seg0/c10.dat
[2016-11-26 19:49:29] ADD                     /WEB-INF/derby/ServiceDB/seg0/c5b1.dat
[2016-11-26 19:49:29] ADD                     /WEB-INF/descr/page16.descr
[2016-11-26 19:49:29] ADD                     /WEB-INF/descr/pwu2Last.descr
[2016-11-26 19:49:29] UPDATE                  /page4.jsp
[2016-11-26 19:49:29] REMOTE_ADD              /BootstrapStyle/js/app.js
[2016-11-26 19:49:29] ADD                     /WEB-INF/classes/com/webratio/webapp/serviceRequest/ServiceRequest.class
[2016-11-26 19:49:29] ADD                     /WEB-INF/derby/ServiceDB/seg0/c60.dat
[2016-11-26 19:49:29] ADD                     /WEB-INF/descr/enu13.descr
[2016-11-26 19:49:29] ADD                     /WEB-INF/derby/ServiceDB/seg0/c1d1.dat
[2016-11-26 19:49:29] ADD                     /WEB-INF/derby/ServiceDB/seg0/c150.dat
[2016-11-26 19:49:29] ADD                     /WEB-INF/derby/ServiceDB/seg0/c740.dat
[2016-11-26 19:49:29] ADD                     /WEB-INF/descr/ln43.descr
[2016-11-26 19:49:29] UPDATE                  /WEB-INF/descr/mfu1.descr
[2016-11-26 19:49:29] ADD                     /WEB-INF/descr/ln5o.descr
[2016-11-26 19:49:29] UPDATE                  /WEB-INF/descr/enu2.descr
[2016-11-26 19:49:29] ADD                     /WEB-INF/derby/ServiceDB/seg0/c2d0.dat
[2016-11-26 19:49:29] UPDATE                  /WEB-INF/descr/pwu3.descr
[2016-11-26 19:49:29] ADD                     /WEB-INF/derby/ServiceDB/seg0/c420.dat
[2016-11-26 19:49:29] ADD                     /WEB-INF/derby/ServiceDB/seg0/c761.dat
[2016-11-26 19:49:29] ADD                     /page3_ajax.jsp
[2016-11-26 19:49:29] ADD                     /WEB-INF/derby/ServiceDB/seg0/c2e1.dat
[2016-11-26 19:49:29] UPDATE                  /WEB-INF/classes/com/webratio/webapp/Group.java
[2016-11-26 19:49:29] REMOTE_ADD              /WEB-INF/descr/page3.link.descr
[2016-11-26 19:49:29] UPDATE                  /WEB-INF/descr/kln8.descr
[2016-11-26 19:49:29] ADD                     /WEB-INF/derby/ServiceDB/seg0/c3a1.dat
[2016-11-26 19:49:29] REMOTE_ADD              /BootstrapStyle/dist/css/slate/bootstrap.min.css
[2016-11-26 19:49:29] REMOTE_ADD              /BootstrapStyle/dist/css/compact/bootstrap.css
[2016-11-26 19:49:29] UPDATE                  /WEB-INF/descr/_job.manager.descr
[2016-11-26 19:49:29] ADD                     /WEB-INF/derby/ServiceDB/seg0/c480.dat
[2016-11-26 19:49:29] ADD                     /WEB-INF/derby/ServiceDB/seg0/c6b1.dat
[2016-11-26 19:49:29] ADD                     /WEB-INF/derby/ServiceDB/seg0/cb1.dat
[2016-11-26 19:49:29] ADD                     /WEB-INF/derby/ServiceDB/seg0/c780.dat
[2016-11-26 19:49:29] ADD                     /WEB-INF/descr/lgu1.descr
[2016-11-26 19:49:29] ADD                     /WEB-INF/derby/ServiceDB/seg0/c191.dat
[2016-11-26 19:49:29] ADD                     /WEB-INF/descr/pwu1att41.descr
[2016-11-26 19:49:29] ADD                     /WEB-INF/descr/pwu2First.descr
[2016-11-26 19:49:29] ADD                     /WEB-INF/descr/mpage3.descr
[2016-11-26 19:49:29] ADD                     /WEB-INF/descr/ln28.descr
[2016-11-26 19:49:29] REMOTE_ADD              /BootstrapStyle/dist/fonts/glyphicons-halflings-regular.svg
[2016-11-26 19:49:29] ADD                     /WEB-INF/derby/ServiceDB/seg0/c2f0.dat
[2016-11-26 19:49:29] ADD                     /WEB-INF/descr/mailTemplate/confirmRegistrationEmail.xml.template
[2016-11-26 19:49:29] REMOTE_ADD              /BootstrapStyle/dist/css/bootstrap.min.css
[2016-11-26 19:49:29] ADD                     /WEB-INF/descr/pwu1Previous.descr
[2016-11-26 19:49:29] ADD                     /WEB-INF/derby/ServiceDB/seg0/c6f0.dat
[2016-11-26 19:49:29] UPDATE                  /WEB-INF/descr/oln11.descr
[2016-11-26 19:49:29] ADD                     /WEB-INF/derby/ServiceDB/seg0/c831.dat
[2016-11-26 19:49:29] ADD                     /WEB-INF/derby/ServiceDB/service.properties
[2016-11-26 19:49:29] UPDATE                  /WEB-INF/descr/page2.descr
[2016-11-26 19:49:29] UPDATE                  /WEB-INF/classes/com/webratio/webapp/Module.class
[2016-11-26 19:49:29] ADD                     /WEB-INF/derby/ServiceDB/seg0/c300.dat
[2016-11-26 19:49:29] UPDATE                  /WEB-INF/descr/pwu2.descr
[2016-11-26 19:49:29] ADD                     /WEB-INF/derby/ServiceDB/seg0/c340.dat
[2016-11-26 19:49:29] ADD                     /WEB-INF/derby/ServiceDB/seg0/c721.dat
[2016-11-26 19:49:29] ADD                     /WEB-INF/descr/page14.descr
[2016-11-26 19:49:29] ADD                     /WEB-INF/descr/page14.link.descr
[2016-11-26 19:49:29] ADD                     /WEB-INF/derby/ServiceDB/seg0/c6e1.dat
[2016-11-26 19:49:29] REMOTE_ADD              /WEB-INF/descr/page4.link.descr
[2016-11-26 19:49:29] UPDATE                  /WEB-INF/descr/oln6.descr
[2016-11-26 19:49:29] UPDATE                  /WEB-INF/descr/ln1.descr
[2016-11-26 19:49:29] ADD                     /WEB-INF/derby/ServiceDB/seg0/c4d1.dat
[2016-11-26 19:49:29] UPDATE                  /WEB-INF/descr/ln7.descr
[2016-11-26 19:49:29] REMOTE_ADD              /BootstrapStyle/css/components.css
[2016-11-26 19:49:29] ADD                     /WEB-INF/descr/gtu2o.descr
[2016-11-26 19:49:29] ADD                     /WEB-INF/derby/ServiceDB/seg0/c81.dat
[2016-11-26 19:49:29] ADD                     /WEB-INF/derby/ServiceDB/seg0/c161.dat
[2016-11-26 19:49:29] ADD                     /WEB-INF/derby/ServiceDB/log/log.ctrl
[2016-11-26 19:49:29] ADD                     /WEB-INF/derby/ServiceDB/seg0/c7d1.dat
[2016-11-26 19:49:29] ADD                     /WEB-INF/descr/gtu2.descr
[2016-11-26 19:49:29] REMOTE_ADD              /BootstrapStyle/dist/css/bootstrap.css
[2016-11-26 19:49:29] UPDATE                  /index.jsp
[2016-11-26 19:49:29] ADD                     /WEB-INF/descr/tmu1.descr
[2016-11-26 19:49:29] UPDATE                  /WEB-INF/descr/mssu2.descr
[2016-11-26 19:49:29] ADD             RESTART /WEB-INF/lib/derbynet.jar
[2016-11-26 19:49:29] UPDATE                  /WEB-INF/descr/enu1.descr
[2016-11-26 19:49:29] UPDATE                  /WEB-INF/descr/_i18n.descr
[2016-11-26 19:49:29] ADD                     /WEB-INF/derby/ServiceDB/seg0/c3f1.dat
[2016-11-26 19:49:29] ADD                     /WEB-INF/derby/ServiceDB/seg0/c801.dat
[2016-11-26 19:49:29] ADD                     /WEB-INF/descr/mssu1.descr
[2016-11-26 19:49:29] REMOTE_ADD              /BootstrapStyle/dist/css/cerulean/bootstrap.css
[2016-11-26 19:49:29] ADD                     /WEB-INF/derby/ServiceDB/seg0/c7f1.dat
[2016-11-26 19:49:29] REMOTE_ADD              /BootstrapStyle/js/app.min.js
[2016-11-26 19:49:29] UPDATE                  /WEB-INF/classes/com/webratio/webapp/Group.hbm.xml
[2016-11-26 19:49:29] ADD                     /WEB-INF/derby/ServiceDB/seg0/c371.dat
[2016-11-26 19:49:29] ADD             RESTART /WEB-INF/lib/derbyclient.jar
[2016-11-26 19:49:29] ADD                     /WEB-INF/derby/ServiceDB/seg0/c5c0.dat
[2016-11-26 19:49:29] ADD                     /WEB-INF/derby/ServiceDB/seg0/c580.dat
[2016-11-26 19:49:29] REMOTE_ADD              /BootstrapStyle_Login.login.jsp
[2016-11-26 19:49:29] REMOTE_ADD              /BootstrapStyle/dist/js/bootstrap.min.js
[2016-11-26 19:49:29] REMOTE_ADD              /WEB-INF/administration/ProtectionSection.jsp
[2016-11-26 19:49:29] REMOTE_ADD              /BootstrapStyle/dist/css/spacelab/bootstrap.css
[2016-11-26 19:49:29] REMOTE_ADD              /BootstrapStyle/dist/css/compact/bootstrap.min.css
[2016-11-26 19:49:29] ADD                     /WEB-INF/derby/ServiceDB/seg0/ca1.dat
[2016-11-26 19:49:29] ADD                     /WEB-INF/derby/ServiceDB/seg0/c651.dat
[2016-11-26 19:49:29] ADD                     /WEB-INF/derby/ServiceDB/seg0/c260.dat
[2016-11-26 19:49:29] ADD                     /WEB-INF/derby/ServiceDB/seg0/c440.dat
[2016-11-26 19:49:29] ADD                     /WEB-INF/descr/ln63.descr
[2016-11-26 19:49:29] ADD                     /WEB-INF/derby/ServiceDB/seg0/c380.dat
[2016-11-26 19:49:29] ADD                     /WEB-INF/derby/ServiceDB/seg0/c851.dat
[2016-11-26 19:49:29] ADD                     /WEB-INF/derby/ServiceDB/seg0/c1e0.dat
[2016-11-26 19:49:29] UPDATE                  /WEB-INF/descr/kln3.descr
[2016-11-26 19:49:29] REMOTE_ADD              /WEB-INF/descr/page16.link.descr
[2016-11-26 19:49:29] ADD                     /WEB-INF/descr/dau2.descr
[2016-11-26 19:49:29] ADD                     /WEB-INF/descr/mlu1.descr
[2016-11-26 19:49:29] ADD                     /WEB-INF/derby/ServiceDB/seg0/c281.dat
[2016-11-26 19:49:29] ADD                     /WEB-INF/derby/ServiceDB/seg0/c111.dat
[2016-11-26 19:49:29] UPDATE                  /WEB-INF/descr/oln10.descr
[2016-11-26 19:49:29] ADD                     /WEB-INF/descr/opu5.descr
[2016-11-26 19:49:29] ADD                     /WEB-INF/derby/ServiceDB/seg0/c6c0.dat
[2016-11-26 19:49:29] ADD                     /WEB-INF/derby/ServiceDB/dbex.lck
[2016-11-26 19:49:29] ADD                     /WEB-INF/derby/ServiceDB/seg0/c4c0.dat
[2016-11-26 19:49:29] ADD                     /WEB-INF/derby/ServiceDB/seg0/c530.dat
[2016-11-26 19:49:29] ADD                     /WEB-INF/derby/ServiceDB/seg0/c4f1.dat
[2016-11-26 19:49:29] ADD                     /WEB-INF/derby/ServiceDB/seg0/c751.dat
[2016-11-26 19:49:29] UPDATE                  /WEB-INF/classes/com/webratio/webapp/User.hbm.xml
[2016-11-26 19:49:29] ADD                     /WEB-INF/descr/pwu1Block.descr
[2016-11-26 19:49:29] ADD                     /WEB-INF/derby/ServiceDB/seg0/c200.dat
[2016-11-26 19:49:29] ADD                     /WEB-INF/descr/pwu1First.descr
[2016-11-26 19:49:29] REMOTE_ADD              /BootstrapStyle/js/bootstrap-filestyle.min.js
[2016-11-26 19:49:29] ADD                     /WEB-INF/derby/ServiceDB/seg0/c400.dat
[2016-11-26 19:49:29] ADD                     /WEB-INF/derby/ServiceDB/seg0/c841.dat
[2016-11-26 19:49:29] ADD             RESTART /WEB-INF/classes/db2.hibernate.cfg.xml
[2016-11-26 19:49:29] ADD                     /WEB-INF/derby/ServiceDB/seg0/c4a0.dat
[2016-11-26 19:49:29] ADD                     /WEB-INF/descr/enu12.descr
[2016-11-26 19:49:29] REMOTE_ADD              /BootstrapStyle/dist/LICENSE
[2016-11-26 19:49:29] ADD                     /WEB-INF/derby/ServiceDB/seg0/c71.dat
[2016-11-26 19:49:29] ADD                     /WEB-INF/derby/ServiceDB/seg0/c5d1.dat
[2016-11-26 19:49:29] ADD                     /WEB-INF/derby/ServiceDB/db.lck
[2016-11-26 19:49:29] ADD                     /WEB-INF/descr/ln4o.descr
[2016-11-26 19:49:29] UPDATE                  /WEB-INF/classes/com/webratio/webapp/Module.java
[2016-11-26 19:49:29] ADD                     /WEB-INF/derby/ServiceDB/seg0/c711.dat
[2016-11-26 19:49:29] UPDATE                  /WEB-INF/classes/com/webratio/webapp/Module.hbm.xml
[2016-11-26 19:49:29] ADD                     /WEB-INF/derby/ServiceDB/seg0/c691.dat
[2016-11-26 19:49:29] ADD                     /WEB-INF/derby/ServiceDB/seg0/c891.dat
[2016-11-26 19:49:29] REMOTE_ADD              /BootstrapStyle/dist/css/united/bootstrap.css
[2016-11-26 19:49:29] ADD                     /WEB-INF/derby/ServiceDB/seg0/c671.dat
[2016-11-26 19:49:29] ADD                     /WEB-INF/derby/ServiceDB/seg0/c271.dat
[2016-11-26 19:49:29] ADD                     /WEB-INF/derby/ServiceDB/seg0/c3b1.dat
[2016-11-26 19:49:29] ADD                     /WEB-INF/derby/ServiceDB/seg0/c460.dat
[2016-11-26 19:49:29] ADD                     /WEB-INF/descr/page8.descr
[2016-11-26 19:49:29] REMOTE_ADD              /WEB-INF/administration/LocalizationSection.jsp
[2016-11-26 19:49:29] ADD                     /WEB-INF/descr/ln39.descr
[2016-11-26 19:49:29] ADD                     /WEB-INF/derby/ServiceDB/seg0/c1c0.dat
[2016-11-26 19:49:29] ADD                     /WEB-INF/derby/ServiceDB/seg0/c571.dat
[2016-11-26 19:49:29] ADD                     /WEB-INF/derby/ServiceDB/seg0/c391.dat
[2016-11-26 19:49:29] REMOTE_ADD              /BootstrapStyle_Error.error.jsp
[2016-11-26 19:49:29] ADD                     /WEB-INF/derby/ServiceDB/seg0/cc0.dat
[2016-11-26 19:49:29] ADD                     /WEB-INF/derby/ServiceDB/seg0/c90.dat
[2016-11-26 19:49:29] ADD                     /WEB-INF/derby/ServiceDB/seg0/c431.dat
[2016-11-26 19:49:29] ADD                     /WEB-INF/derby/ServiceDB/log/logmirror.ctrl
[2016-11-26 19:49:29] ADD                     /WEB-INF/descr/oln26.descr
[2016-11-26 19:49:29] ADD                     /WEB-INF/derby/ServiceDB/seg0/c611.dat
[2016-11-26 19:49:29] UPDATE          RESTART /WEB-INF/conf/struts-config.xml
[2016-11-26 19:49:29] UPDATE                  /WEB-INF/descr/_model.descr
[2016-11-26 19:49:29] ADD                     /WEB-INF/derby/ServiceDB/seg0/c20.dat
[2016-11-26 19:49:29] ADD                     /WEB-INF/derby/ServiceDB/seg0/c5e1.dat
[2016-11-26 19:49:29] ADD                     /WEB-INF/derby/ServiceDB/seg0/c51.dat
[2016-11-26 19:49:29] ADD                     /WEB-INF/derby/ServiceDB/seg0/c471.dat
[2016-11-26 19:49:29] UPDATE                  /WEB-INF/descr/ln5.descr
[2016-11-26 19:49:29] REMOTE_ADD              /BootstrapStyle/dist/css/bootstrap-theme.min.css
[2016-11-26 19:49:29] ADD                     /WEB-INF/derby/ServiceDB/seg0/c701.dat
[2016-11-26 19:49:29] REMOTE_ADD              /BootstrapStyle/css/bpm.css
[2016-11-26 19:49:29] ADD                     /WEB-INF/descr/pwu3att41.descr
[2016-11-26 19:49:29] ADD                     /WEB-INF/descr/dlu5.descr
[2016-11-26 19:49:29] ADD                     /WEB-INF/derby/ServiceDB/seg0/c351.dat
[2016-11-26 19:49:29] ADD                     /WEB-INF/derby/ServiceDB/seg0/c7b1.dat
[2016-11-26 19:49:29] ADD                     /WEB-INF/descr/ln40.descr
[2016-11-26 19:49:29] ADD                     /WEB-INF/derby/ServiceDB/seg0/c230.dat
[2016-11-26 19:49:29] ADD                     /WEB-INF/descr/ln44.descr
[2016-11-26 19:49:29] REMOTE_ADD              /BootstrapStyle/css/app.css
[2016-11-26 19:49:29] UPDATE                  /WEB-INF/descr/oln7.descr
[2016-11-26 19:49:29] UPDATE                  /WEB-INF/descr/kln1.descr
[2016-11-26 19:49:29] ADD                     /WEB-INF/derby/ServiceDB/seg0/c171.dat
[2016-11-26 19:49:29] REMOTE_ADD              /WEB-INF/administration/PropertiesSection.jsp
[2016-11-26 19:49:29] UPDATE                  /WEB-INF/descr/ln4.descr
[2016-11-26 19:49:29] ADD                     /WEB-INF/derby/ServiceDB/seg0/c180.dat
[2016-11-26 19:49:29] ADD                     /WEB-INF/derby/ServiceDB/seg0/c810.dat
[2016-11-26 19:49:29] ADD                     /WEB-INF/descr/ln45.descr
[2016-11-26 19:49:29] ADD                     /WEB-INF/derby/ServiceDB/seg0/c4e0.dat
[2016-11-26 19:49:29] ADD                     /WEB-INF/derby/ServiceDB/seg0/c41.dat
[2016-11-26 19:49:29] UPDATE                  /WEB-INF/descr/_auth.descr
[2016-11-26 19:49:29] ADD                     /WEB-INF/derby/ServiceDB/seg0/c731.dat
[2016-11-26 19:49:29] ADD                     /WEB-INF/descr/mpage1.descr
[2016-11-26 19:49:29] REMOTE_ADD              /BootstrapStyle/dist/fonts/glyphicons-halflings-regular.eot
[2016-11-26 19:49:29] ADD                     /page16.jsp
[2016-11-26 19:49:29] ADD                     /page3.jsp
[2016-11-26 19:49:29] ADD                     /WEB-INF/descr/ln97.descr
[2016-11-26 19:49:29] UPDATE          RESTART /WEB-INF/lib/com.webratio.struts.jar
[2016-11-26 19:49:29] ADD                     /WEB-INF/derby/ServiceDB/seg0/c2b1.dat
[2016-11-26 19:49:29] ADD                     /WEB-INF/descr/pwu2Next.descr
[2016-11-26 19:49:29] ADD                     /WEB-INF/derby/ServiceDB/seg0/c871.dat
[2016-11-26 19:49:29] ADD                     /WEB-INF/descr/oln56.descr
[2016-11-26 19:49:29] ADD                     /WEB-INF/derby/ServiceDB/seg0/c101.dat
[2016-11-26 19:49:29] ADD                     /WEB-INF/derby/ServiceDB/seg0/c3d1.dat
[2016-11-26 19:49:29] ADD                     /WEB-INF/descr/cru6.descr
[2016-11-26 19:49:29] ADD                     /WEB-INF/derby/ServiceDB/seg0/c680.dat
[2016-11-26 19:49:29] ADD                     /WEB-INF/derby/ServiceDB/seg0/c141.dat
[2016-11-26 19:49:29] ADD                     /WEB-INF/derby/ServiceDB/seg0/c1b1.dat
[2016-11-26 19:49:29] ADD                     /WEB-INF/derby/ServiceDB/seg0/c860.dat
[2016-11-26 19:49:29] ADD                     /WEB-INF/descr/dau2o.descr
[2016-11-26 19:49:29] UPDATE                  /page1.jsp
[2016-11-26 19:49:29] REMOTE_ADD              /BootstrapStyle/js/respond.min.js
[2016-11-26 19:49:29] UPDATE                  /WEB-INF/descr/kln2.descr
[2016-11-26 19:49:29] ADD                     /WEB-INF/derby/ServiceDB/seg0/cd1.dat
[2016-11-26 19:49:29] ADD                     /WEB-INF/derby/ServiceDB/seg0/c511.dat
[2016-11-26 19:49:29] ADD                     /WEB-INF/descr/groovy/launchSQL.groovy
[2016-11-26 19:49:29] REMOTE_ADD              /BootstrapStyle/js/html5shiv.min.js
[2016-11-26 19:49:29] ADD                     /WEB-INF/derby/ServiceDB/seg0/c491.dat
[2016-11-26 19:49:29] REMOTE_ADD              /BootstrapStyle/dist/css/bootstrap-theme.css
[2016-11-26 19:49:29] ADD                     /WEB-INF/descr/pwu1Next.descr
[2016-11-26 19:49:29] REMOTE_ADD              /BootstrapStyle/dist/css/cerulean/bootstrap.min.css
[2016-11-26 19:49:29] UPDATE                  /WEB-INF/classes/com/webratio/webapp/User.class
[2016-11-26 19:49:29] REMOTE_ADD              /WEB-INF/administration/LogsSection.jsp
[2016-11-26 19:49:29] UPDATE                  /WEB-INF/descr/pwu1.descr
[2016-11-26 19:49:29] ADD                     /WEB-INF/derby/ServiceDB/seg0/c660.dat
[2016-11-26 19:49:29] ADD                     /WEB-INF/derby/ServiceDB/seg0/c361.dat
[2016-11-26 19:49:29] UPDATE                  /WEB-INF/descr/ln6.descr
[2016-11-26 19:49:29] ADD                     /WEB-INF/derby/ServiceDB/seg0/c791.dat
[2016-11-26 19:49:29] ADD                     /WEB-INF/derby/ServiceDB/seg0/cf0.dat
[2016-11-26 19:49:29] ADD                     /WEB-INF/derby/ServiceDB/seg0/c6d1.dat
[2016-11-26 19:49:29] ADD                     /WEB-INF/derby/ServiceDB/seg0/c7a0.dat
[2016-11-26 19:49:29] UPDATE                  /WEB-INF/descr/kln12.descr
[2016-11-26 19:49:29] ADD                     /WEB-INF/descr/oln13.descr
[2016-11-26 19:49:29] ADD                     /WEB-INF/derby/ServiceDB/seg0/c2a1.dat
[2016-11-26 19:49:29] ADD                     /WEB-INF/derby/ServiceDB/seg0/c1a1.dat
[2016-11-26 19:49:29] ADD                     /WEB-INF/derby/ServiceDB/seg0/c121.dat
[2016-11-26 19:49:29] ADD                     /WEB-INF/descr/page17.descr
[2016-11-26 19:49:29] ADD                     /WEB-INF/descr/pwu2Previous.descr
[2016-11-26 19:49:29] ADD                     /page14.jsp
[2016-11-26 19:49:29] UPDATE                  /WEB-INF/descr/_layout.descr
[2016-11-26 19:49:29] ADD                     /WEB-INF/derby/ServiceDB/seg0/c601.dat
[2016-11-26 19:49:29] ADD                     /WEB-INF/derby/ServiceDB/seg0/c6a0.dat
[2016-11-26 19:49:29] ADD                     /WEB-INF/derby/ServiceDB/seg0/c130.dat
[2016-11-26 19:49:29] ADD             RESTART /WEB-INF/lib/derby.jar
[2016-11-26 19:49:29] ADD                     /WEB-INF/descr/lou1.descr
[2016-11-26 19:49:29] REMOTE_ADD              /BootstrapStyle/dist/css/united/bootstrap.min.css
[2016-11-26 19:49:29] UPDATE                  /WEB-INF/descr/ln3.descr
[2016-11-26 19:49:29] ADD                     /WEB-INF/descr/enu10.descr
[2016-11-26 19:49:29] ADD                     /WEB-INF/derby/ServiceDB/seg0/c3c0.dat
[2016-11-26 19:49:29] REMOTE_ADD              /BootstrapStyle/dist/css/spacelab/bootstrap.min.css
[2016-11-26 19:49:29] UPDATE                  /page2.jsp
[2016-11-26 19:49:29] ADD                     /WEB-INF/derby/ServiceDB/seg0/c5a1.dat
[2016-11-26 19:49:29] ADD                     /WEB-INF/derby/ServiceDB/seg0/c641.dat
[2016-11-26 19:49:29] UPDATE                  /WEB-INF/descr/page4.descr
[2016-11-26 19:49:29] REMOTE_ADD              /BootstrapStyle/dist/css/slate/bootstrap.css
[2016-11-26 19:49:29] ADD                     /WEB-INF/derby/ServiceDB/seg0/c221.dat
[2016-11-26 19:49:29] ADD                     /WEB-INF/derby/ServiceDB/seg0/c4b1.dat
[2016-11-26 19:49:29] ADD                     /WEB-INF/derby/ServiceDB/seg0/c331.dat
[2016-11-26 19:49:29] REMOTE_ADD              /WEB-INF/administration/GeneralSection.jsp
[2016-11-26 19:49:29] ADD                     /WEB-INF/derby/ServiceDB/seg0/c881.dat
[2016-11-26 19:49:29] ADD                     /WEB-INF/derby/ServiceDB/seg0/c620.dat
[2016-11-26 19:49:29] ADD                     /WEB-INF/descr/oln25.descr
[2016-11-26 19:49:29] ADD                     /WEB-INF/derby/ServiceDB/seg0/c31.dat
[2016-11-26 19:49:29] UPDATE                  /WEB-INF/descr/oln9.descr
[2016-11-26 19:49:29] ADD                     /WEB-INF/derby/ServiceDB/seg0/ce1.dat
[2016-11-26 19:49:29] ADD                     /WEB-INF/derby/ServiceDB/seg0/c541.dat
[2016-11-26 19:49:29] ADD                     /page8.jsp
[2016-11-26 19:49:29] ADD                     /WEB-INF/derby/ServiceDB/seg0/c7e0.dat
[2016-11-26 19:49:29] ADD                     /WEB-INF/derby/ServiceDB/seg0/c631.dat
[2016-11-26 19:49:29] REMOTE_ADD              /WEB-INF/administration/WRAdminLogin.jsp
[2016-11-26 19:49:29] ADD                     /page17.jsp
[2016-11-26 19:49:29] ADD                     /WEB-INF/derby/ServiceDB/log/log1.dat
[2016-11-26 19:49:29] ADD                     /WEB-INF/descr/page3.descr
[2016-11-26 19:49:29] ADD                     /WEB-INF/derby/ServiceDB/seg0/c771.dat
[2016-11-26 19:49:29] ADD                     /WEB-INF/descr/ln42.descr
[2016-11-26 19:49:29] REMOTE_ADD              /BootstrapStyle/dist/fonts/glyphicons-halflings-regular.woff
[2016-11-26 19:49:29] REMOTE_ADD              /BootstrapStyle/dist/fonts/glyphicons-halflings-regular.ttf
[2016-11-26 19:49:29] ADD                     /WEB-INF/derby/ServiceDB/seg0/c561.dat
[2016-11-26 19:49:29] ADD                     /WEB-INF/derby/ServiceDB/seg0/c3e1.dat
[2016-11-26 19:49:29] ADD                     /WEB-INF/descr/opu4.descr
[2016-11-26 19:49:29] REMOTE_ADD              /BootstrapStyle/dist/js/bootstrap.js
[2016-11-26 19:49:29] ADD                     /WEB-INF/derby/ServiceDB/seg0/c411.dat
[2016-11-26 19:49:29] UPDATE          RESTART /WEB-INF/classes/datamodel.xml
[2016-11-26 19:49:29] UPDATE                  /WEB-INF/classes/com/webratio/webapp/User.java
[2016-11-26 19:49:29] UPDATE                  /WEB-INF/descr/ln2.descr
[2016-11-26 19:49:29] ADD                     /WEB-INF/derby/ServiceDB/seg0/c311.dat
[2016-11-26 19:49:29] ADD                     /WEB-INF/derby/ServiceDB/seg0/c821.dat
[2016-11-26 19:49:29] ADD                     /WEB-INF/derby/ServiceDB/seg0/c591.dat
[2016-11-26 19:49:29] ADD                     /WEB-INF/derby/ServiceDB/seg0/c321.dat
[2016-11-26 19:49:29] ADD                     /WEB-INF/derby/ServiceDB/seg0/c5f1.dat
[2016-11-26 19:49:29] UPDATE                  /WEB-INF/descr/_access.descr
[2016-11-26 19:49:29] ADD                     /WEB-INF/derby/ServiceDB/seg0/c1f1.dat
[2016-11-26 19:49:29] ADD                     /WEB-INF/derby/ServiceDB/seg0/c211.dat
[2016-11-26 19:49:29] ADD                     /WEB-INF/descr/page8.link.descr
[2016-11-26 19:49:29] REMOTE_ADD              /WEB-INF/administration/WRAdmin.jsp
[2016-11-26 19:49:29] ADD                     /WEB-INF/classes/com/webratio/webapp/serviceRequest/ServiceRequest.hbm.xml
[2016-11-26 19:49:29] UPDATE                  /WEB-INF/classes/com/webratio/webapp/Group.class
[2016-11-26 19:49:29] DELETE                  /WEB-INF/classes/com/webratio/webapp/School.class
[2016-11-26 19:49:29] DELETE                  /wr-css/menu.css
[2016-11-26 19:49:29] DELETE                  /WEB-INF/descr/ln16.descr
[2016-11-26 19:49:29] DELETE                  /WEB-INF/descr/page5.link.descr
[2016-11-26 19:49:29] DELETE                  /WEB-INF/descr/dlu3.descr
[2016-11-26 19:49:29] DELETE                  /WEB-INF/descr/ln27.descr
[2016-11-26 19:49:29] DELETE                  /WEB-INF/classes/com/webratio/webapp/School.java
[2016-11-26 19:49:29] DELETE                  /wr-images/icons/navigate_right_10.gif
[2016-11-26 19:49:29] DELETE                  /WEB-INF/descr/page6.descr
[2016-11-26 19:49:29] DELETE                  /WEB-INF/descr/ln25.descr
[2016-11-26 19:49:29] DELETE                  /WEB-INF/classes/com/webratio/webapp/Photos.java
[2016-11-26 19:49:29] DELETE                  /WebRatio_Default.error.jsp
[2016-11-26 19:49:29] DELETE                  /WEB-INF/classes/com/webratio/webapp/Photos.hbm.xml
[2016-11-26 19:49:29] DELETE                  /WEB-INF/descr/kln7.descr
[2016-11-26 19:49:29] DELETE                  /WEB-INF/descr/ln24.descr
[2016-11-26 19:49:29] DELETE                  /WEB-INF/descr/kln11.descr
[2016-11-26 19:49:29] DELETE                  /WEB-INF/descr/page6.link.descr
[2016-11-26 19:49:29] DELETE                  /WEB-INF/descr/ln23.descr
[2016-11-26 19:49:29] DELETE                  /WEB-INF/descr/ln18.descr
[2016-11-26 19:49:29] DELETE                  /page5.jsp
[2016-11-26 19:49:29] DELETE                  /WEB-INF/descr/ln15.descr
[2016-11-26 19:49:29] DELETE                  /wr-images/icons/sort_descending.png
[2016-11-26 19:49:29] DELETE                  /WEB-INF/descr/oln4.descr
[2016-11-26 19:49:29] DELETE                  /WEB-INF/descr/kln6.descr
[2016-11-26 19:49:29] DELETE                  /WEB-INF/descr/dlu2.descr
[2016-11-26 19:49:29] DELETE                  /WEB-INF/descr/inn2.descr
[2016-11-26 19:49:29] DELETE                  /wr-images/home_bc.png
[2016-11-26 19:49:29] DELETE                  /WEB-INF/descr/ln9.descr
[2016-11-26 19:49:29] DELETE                  /wr-js/respond.min.js
[2016-11-26 19:49:29] DELETE                  /wr-images/icons/dialog-max.png
[2016-11-26 19:49:29] DELETE                  /wr-js/responsive-menu.js
[2016-11-26 19:49:29] DELETE                  /WEB-INF/descr/enu4.descr
[2016-11-26 19:49:29] DELETE                  /WEB-INF/descr/oln5.descr
[2016-11-26 19:49:29] DELETE                  /WEB-INF/descr/seu3.descr
[2016-11-26 19:49:29] DELETE                  /wr-images/logo_big.png
[2016-11-26 19:49:29] DELETE                  /wr-images/icons/dialog-close.png
[2016-11-26 19:49:29] DELETE                  /wr-css/units.css
[2016-11-26 19:49:29] DELETE                  /WEB-INF/classes/com/webratio/webapp/Guest.java
[2016-11-26 19:49:29] DELETE                  /WEB-INF/descr/seu2.descr
[2016-11-26 19:49:29] DELETE                  /WEB-INF/descr/ln8.descr
[2016-11-26 19:49:29] DELETE                  /WEB-INF/descr/cru2.descr
[2016-11-26 19:49:29] DELETE                  /WEB-INF/descr/kln4.descr
[2016-11-26 19:49:29] DELETE                  /page6.jsp
[2016-11-26 19:49:29] DELETE                  /WEB-INF/descr/dau1.descr
[2016-11-26 19:49:29] DELETE                  /WEB-INF/descr/oln2.descr
[2016-11-26 19:49:29] DELETE                  /WEB-INF/descr/oln8.descr
[2016-11-26 19:49:29] DELETE                  /WEB-INF/descr/enu3.descr
[2016-11-26 19:49:29] DELETE                  /wr-images/icons/selectAll.gif
[2016-11-26 19:49:29] DELETE                  /WEB-INF/descr/ln19.descr
[2016-11-26 19:49:29] DELETE                  /WEB-INF/classes/com/webratio/webapp/Guest.class
[2016-11-26 19:49:29] DELETE                  /WEB-INF/descr/page5.descr
[2016-11-26 19:49:29] DELETE                  /WEB-INF/descr/seu1.descr
[2016-11-26 19:49:29] DELETE                  /WEB-INF/descr/ln21.descr
[2016-11-26 19:49:29] DELETE                  /WEB-INF/descr/ln20.descr
[2016-11-26 19:49:29] DELETE                  /wr-images/icons/navigate_down_10.gif
[2016-11-26 19:49:29] DELETE                  /WEB-INF/descr/oln3.descr
[2016-11-26 19:49:29] DELETE                  /wr-images/icons/sort_ascending.png
[2016-11-26 19:49:29] DELETE                  /WEB-INF/descr/inn1.descr
[2016-11-26 19:49:29] DELETE                  /WEB-INF/descr/kln10.descr
[2016-11-26 19:49:29] DELETE                  /WEB-INF/descr/page7.descr
[2016-11-26 19:49:29] DELETE                  /WEB-INF/descr/ln14.descr
[2016-11-26 19:49:29] DELETE                  /WebRatio_Default.login.jsp
[2016-11-26 19:49:29] DELETE                  /WEB-INF/descr/mfu2.descr
[2016-11-26 19:49:29] DELETE                  /WEB-INF/descr/mssu3.descr
[2016-11-26 19:49:29] DELETE                  /WEB-INF/descr/kln5.descr
[2016-11-26 19:49:29] DELETE                  /WEB-INF/classes/com/webratio/webapp/School.hbm.xml
[2016-11-26 19:49:29] DELETE                  /wr-images/spacer.gif
[2016-11-26 19:49:29] DELETE                  /wr-css/global.css
[2016-11-26 19:49:29] DELETE                  /WEB-INF/descr/ln13.descr
[2016-11-26 19:49:29] DELETE                  /WEB-INF/descr/ln26.descr
[2016-11-26 19:49:29] DELETE                  /WEB-INF/descr/mfu3.descr
[2016-11-26 19:49:29] DELETE          RESTART /WEB-INF/lib/mysql-connector-java.jar
[2016-11-26 19:49:29] DELETE                  /WEB-INF/classes/com/webratio/webapp/Guest.hbm.xml
[2016-11-26 19:49:29] DELETE                  /WEB-INF/descr/cru3.descr
[2016-11-26 19:49:29] DELETE                  /WEB-INF/descr/ln17.descr
[2016-11-26 19:49:29] DELETE                  /WEB-INF/descr/ln11.descr
[2016-11-26 19:49:29] DELETE                  /WEB-INF/descr/dlu1.descr
[2016-11-26 19:49:29] DELETE                  /WEB-INF/descr/pwu3att9.descr
[2016-11-26 19:49:29] DELETE          RESTART /WEB-INF/classes/db3.hibernate.cfg.xml
[2016-11-26 19:49:29] DELETE                  /wr-images/icons/unSelectAll.gif
[2016-11-26 19:49:29] DELETE                  /WEB-INF/descr/inn3.descr
[2016-11-26 19:49:29] DELETE                  /WEB-INF/descr/ln22.descr
[2016-11-26 19:49:29] DELETE                  /WEB-INF/descr/oln12.descr
[2016-11-26 19:49:29] DELETE                  /WEB-INF/descr/ln12.descr
[2016-11-26 19:49:29] DELETE                  /WEB-INF/descr/kln9.descr
[2016-11-26 19:49:29] DELETE                  /WEB-INF/descr/oln1.descr
[2016-11-26 19:49:29] DELETE                  /wr-images/icons/dialog-min.png
[2016-11-26 19:49:29] DELETE                  /WEB-INF/classes/com/webratio/webapp/Photos.class
[2016-11-26 19:49:29] DELETE                  /page7.jsp
[2016-11-26 19:49:29] DELETE                  /WEB-INF/descr/page1.link.descr
[2016-11-26 19:49:29] --------------------------------------------
[2016-11-26 19:49:29] Stopping application server
[2016-11-26 19:49:40] Uploading changes (6.8 MB)
[2016-11-26 19:49:56] Starting application server
