[2016-11-29 11:45:58] Uploading application on server [52.213.97.38]
[2016-11-29 11:45:58] Computing changes...
[2016-11-29 11:46:00] Found 13 file(s) changed
[2016-11-29 11:46:00] --------------------------------------------
[2016-11-29 11:46:00] REMOTE_UPDATE           /WEB-INF/descr/page16.descr
[2016-11-29 11:46:00] UPDATE                  /page3_ajax.jsp
[2016-11-29 11:46:00] UPDATE                  /WEB-INF/descr/tmu1.descr
[2016-11-29 11:46:00] UPDATE                  /WEB-INF/descr/enu12.descr
[2016-11-29 11:46:00] UPDATE          RESTART /WEB-INF/conf/struts-config.xml
[2016-11-29 11:46:00] UPDATE                  /page16.jsp
[2016-11-29 11:46:00] UPDATE                  /page3.jsp
[2016-11-29 11:46:00] UPDATE          RESTART /WEB-INF/lib/com.webratio.struts.jar
[2016-11-29 11:46:00] REMOTE_UPDATE           /WEB-INF/descr/cru6.descr
[2016-11-29 11:46:00] ADD                     /WEB-INF/descr/ln26.descr
[2016-11-29 11:46:00] UPDATE                  /WEB-INF/descr/enu10.descr
[2016-11-29 11:46:00] DELETE                  /upload/ent8/1/fan.jpg
[2016-11-29 11:46:00] DELETE                  /WEB-INF/descr/ln45.descr
[2016-11-29 11:46:00] --------------------------------------------
[2016-11-29 11:46:00] Stopping application server
[2016-11-29 11:46:12] Uploading changes (434.5 KB)
[2016-11-29 11:46:19] Starting application server
