[2016-12-08 19:16:03] Uploading application on server [52.212.3.131]
[2016-12-08 19:16:03] Computing changes...
[2016-12-08 19:16:06] Found 21 file(s) changed
[2016-12-08 19:16:06] --------------------------------------------
[2016-12-08 19:16:06] REMOTE_UPDATE           /WEB-INF/descr/mfu1.descr
[2016-12-08 19:16:06] REMOTE_UPDATE           /WEB-INF/descr/page6.descr
[2016-12-08 19:16:06] REMOTE_UPDATE           /WEB-INF/descr/miu2.descr
[2016-12-08 19:16:06] REMOTE_UPDATE           /WEB-INF/descr/page12.descr
[2016-12-08 19:16:06] REMOTE_UPDATE           /WEB-INF/descr/miu5.descr
[2016-12-08 19:16:06] UPDATE                  /page13.jsp
[2016-12-08 19:16:06] UPDATE                  /page6.jsp
[2016-12-08 19:16:06] REMOTE_UPDATE           /WEB-INF/descr/_model.descr
[2016-12-08 19:16:06] REMOTE_UPDATE           /WEB-INF/descr/dlu5.descr
[2016-12-08 19:16:06] UPDATE                  /page12.jsp
[2016-12-08 19:16:06] REMOTE_UPDATE           /WEB-INF/descr/mpage1.descr
[2016-12-08 19:16:06] REMOTE_UPDATE           /WEB-INF/descr/page7.descr
[2016-12-08 19:16:06] REMOTE_UPDATE           /WEB-INF/descr/page13.descr
[2016-12-08 19:16:06] UPDATE                  /page3.jsp
[2016-12-08 19:16:06] UPDATE          RESTART /WEB-INF/lib/com.webratio.struts.jar
[2016-12-08 19:16:06] REMOTE_UPDATE           /WEB-INF/descr/miu6.descr
[2016-12-08 19:16:06] REMOTE_UPDATE           /WEB-INF/descr/miu3.descr
[2016-12-08 19:16:06] REMOTE_UPDATE           /WEB-INF/descr/lou1.descr
[2016-12-08 19:16:06] REMOTE_UPDATE           /WEB-INF/descr/page3.descr
[2016-12-08 19:16:06] REMOTE_UPDATE           /WEB-INF/descr/opu4.descr
[2016-12-08 19:16:06] UPDATE                  /page7.jsp
[2016-12-08 19:16:06] --------------------------------------------
[2016-12-08 19:16:06] Stopping application server
[2016-12-08 19:16:17] Uploading changes (443.4 KB)
[2016-12-08 19:16:19] Starting application server
