[2016-11-29 12:05:01] Uploading application on server [52.213.97.38]
[2016-11-29 12:05:01] Computing changes...
[2016-11-29 12:05:03] Found 16 file(s) changed
[2016-11-29 12:05:03] --------------------------------------------
[2016-11-29 12:05:03] UPDATE                  /WEB-INF/descr/page16.descr
[2016-11-29 12:05:03] ADD                     /WEB-INF/descr/ln27.descr
[2016-11-29 12:05:03] UPDATE                  /page3_ajax.jsp
[2016-11-29 12:05:03] REMOTE_ADD              /WEB-INF/descr/oln4.descr
[2016-11-29 12:05:03] UPDATE                  /WEB-INF/descr/page14.descr
[2016-11-29 12:05:03] UPDATE                  /WEB-INF/descr/tmu1.descr
[2016-11-29 12:05:03] UPDATE                  /WEB-INF/descr/ln39.descr
[2016-11-29 12:05:03] UPDATE          RESTART /WEB-INF/conf/struts-config.xml
[2016-11-29 12:05:03] UPDATE                  /page16.jsp
[2016-11-29 12:05:03] UPDATE                  /page3.jsp
[2016-11-29 12:05:03] UPDATE          RESTART /WEB-INF/lib/com.webratio.struts.jar
[2016-11-29 12:05:03] UPDATE                  /WEB-INF/descr/cru6.descr
[2016-11-29 12:05:03] UPDATE                  /WEB-INF/descr/enu10.descr
[2016-11-29 12:05:03] DELETE                  /WEB-INF/descr/ln26.descr
[2016-11-29 12:05:03] DELETE                  /WEB-INF/descr/oln25.descr
[2016-11-29 12:05:03] DELETE                  /upload/ent8/1/pipe.jpg
[2016-11-29 12:05:03] --------------------------------------------
[2016-11-29 12:05:03] Stopping application server
[2016-11-29 12:05:14] Uploading changes (442.0 KB)
[2016-11-29 12:05:18] Starting application server
