[2016-12-01 12:47:54] Uploading application on server [52.48.126.208]
[2016-12-01 12:47:54] Computing changes...
[2016-12-01 12:47:56] Found 15 file(s) changed
[2016-12-01 12:47:56] --------------------------------------------
[2016-12-01 12:47:56] UPDATE                  /page4.jsp
[2016-12-01 12:47:56] UPDATE                  /page5.jsp
[2016-12-01 12:47:56] REMOTE_UPDATE           /page13.jsp
[2016-12-01 12:47:56] REMOTE_UPDATE           /page6.jsp
[2016-12-01 12:47:56] UPDATE                  /WEB-INF/descr/_model.descr
[2016-12-01 12:47:56] UPDATE                  /page12.jsp
[2016-12-01 12:47:56] UPDATE                  /page16.jsp
[2016-12-01 12:47:56] UPDATE                  /page3.jsp
[2016-12-01 12:47:56] UPDATE          RESTART /WEB-INF/lib/com.webratio.struts.jar
[2016-12-01 12:47:56] UPDATE                  /WEB-INF/descr/page10.descr
[2016-12-01 12:47:56] UPDATE                  /page14.jsp
[2016-12-01 12:47:56] UPDATE                  /page10.jsp
[2016-12-01 12:47:56] UPDATE                  /page8.jsp
[2016-12-01 12:47:56] UPDATE                  /page17.jsp
[2016-12-01 12:47:56] UPDATE                  /page7.jsp
[2016-12-01 12:47:56] --------------------------------------------
[2016-12-01 12:47:56] Stopping application server
[2016-12-01 12:48:07] Uploading changes (517.7 KB)
[2016-12-01 12:48:13] Starting application server
