[2016-11-26 21:21:50] Uploading application on server [52.51.141.157]
[2016-11-26 21:21:50] Computing changes...
[2016-11-26 21:21:53] Found 18 file(s) changed
[2016-11-26 21:21:53] --------------------------------------------
[2016-11-26 21:21:53] UPDATE                  /WEB-INF/derby/ServiceDB/seg0/c7c0.dat
[2016-11-26 21:21:53] UPDATE                  /page4.jsp
[2016-11-26 21:21:53] UPDATE                  /page5.jsp
[2016-11-26 21:21:53] UPDATE                  /WEB-INF/derby/ServiceDB/log/log.ctrl
[2016-11-26 21:21:53] UPDATE                  /WEB-INF/derby/ServiceDB/seg0/c7d1.dat
[2016-11-26 21:21:53] UPDATE                  /WEB-INF/derby/ServiceDB/seg0/c851.dat
[2016-11-26 21:21:53] UPDATE                  /WEB-INF/descr/mlu1.descr
[2016-11-26 21:21:53] UPDATE                  /WEB-INF/derby/ServiceDB/db.lck
[2016-11-26 21:21:53] UPDATE                  /WEB-INF/derby/ServiceDB/log/logmirror.ctrl
[2016-11-26 21:21:53] UPDATE                  /WEB-INF/descr/_model.descr
[2016-11-26 21:21:53] UPDATE                  /page16.jsp
[2016-11-26 21:21:53] UPDATE          RESTART /WEB-INF/lib/com.webratio.struts.jar
[2016-11-26 21:21:53] UPDATE                  /page14.jsp
[2016-11-26 21:21:53] UPDATE                  /page8.jsp
[2016-11-26 21:21:53] UPDATE                  /page17.jsp
[2016-11-26 21:21:53] UPDATE                  /WEB-INF/derby/ServiceDB/log/log1.dat
[2016-11-26 21:21:53] REMOTE_ADD              /mailTemplate/confirmRegistrationEmail.xml.template
[2016-11-26 21:21:53] DELETE                  /WEB-INF/descr/mailTemplate/confirmRegistrationEmail.xml.template
[2016-11-26 21:21:53] --------------------------------------------
[2016-11-26 21:21:53] Stopping application server
[2016-11-26 21:22:04] Uploading changes (1.4 MB)
[2016-11-26 21:22:10] Starting application server
