[2016-11-29 11:21:16] Uploading application on server [52.213.97.38]
[2016-11-29 11:21:16] Computing changes...
[2016-11-29 11:21:18] Found 13 file(s) changed
[2016-11-29 11:21:18] --------------------------------------------
[2016-11-29 11:21:18] UPDATE                  /WEB-INF/descr/seu7.descr
[2016-11-29 11:21:18] UPDATE                  /WEB-INF/descr/ln43.descr
[2016-11-29 11:21:18] UPDATE                  /WEB-INF/descr/mfu1.descr
[2016-11-29 11:21:18] UPDATE                  /page3_ajax.jsp
[2016-11-29 11:21:18] UPDATE                  /WEB-INF/descr/enu12.descr
[2016-11-29 11:21:18] UPDATE                  /WEB-INF/descr/ln39.descr
[2016-11-29 11:21:18] UPDATE          RESTART /WEB-INF/conf/struts-config.xml
[2016-11-29 11:21:18] UPDATE                  /WEB-INF/descr/dlu5.descr
[2016-11-29 11:21:18] UPDATE                  /page3.jsp
[2016-11-29 11:21:18] UPDATE          RESTART /WEB-INF/lib/com.webratio.struts.jar
[2016-11-29 11:21:18] UPDATE                  /WEB-INF/descr/page3.descr
[2016-11-29 11:21:18] UPDATE                  /WEB-INF/descr/ln42.descr
[2016-11-29 11:21:18] UPDATE                  /WEB-INF/descr/opu4.descr
[2016-11-29 11:21:18] --------------------------------------------
[2016-11-29 11:21:18] Stopping application server
[2016-11-29 11:21:29] Uploading changes (437.0 KB)
[2016-11-29 11:21:37] Starting application server
