[2016-11-30 11:11:04] Uploading application on server [52.210.230.236]
[2016-11-30 11:11:04] Computing changes...
[2016-11-30 11:11:07] Found 278 file(s) changed
[2016-11-30 11:11:07] --------------------------------------------
[2016-11-30 11:11:07] REMOTE_ADD              /WEB-INF/descr/cru1.descr
[2016-11-30 11:11:07] REMOTE_ADD              /BootstrapStyle/js/bootstrap-filestyle.js
[2016-11-30 11:11:07] REMOTE_ADD              /WEB-INF/classes/com/webratio/webapp/serviceRequest/ServiceRequest.java
[2016-11-30 11:11:07] REMOTE_ADD              /WEB-INF/descr/mssu4.descr
[2016-11-30 11:11:07] REMOTE_ADD              /WEB-INF/descr/ln41.descr
[2016-11-30 11:11:07] REMOTE_ADD              /WEB-INF/descr/page12.link.descr
[2016-11-30 11:11:07] REMOTE_ADD              /WEB-INF/descr/pwu2Block.descr
[2016-11-30 11:11:07] REMOTE_ADD              /WEB-INF/descr/seu7.descr
[2016-11-30 11:11:07] REMOTE_ADD              /WEB-INF/descr/lgu3.descr
[2016-11-30 11:11:07] REMOTE_ADD              /WEB-INF/descr/pwu1Last.descr
[2016-11-30 11:11:07] REMOTE_ADD              /WEB-INF/descr/lou2.descr
[2016-11-30 11:11:07] REMOTE_UPDATE           /WEB-INF/descr/page1.descr
[2016-11-30 11:11:07] REMOTE_ADD              /.StoreMapping
[2016-11-30 11:11:07] REMOTE_ADD              /WEB-INF/descr/ln30.descr
[2016-11-30 11:11:07] REMOTE_ADD              /WEB-INF/descr/dlu3.descr
[2016-11-30 11:11:07] ADD                     /WEB-INF/descr/page16.descr
[2016-11-30 11:11:07] REMOTE_ADD              /WEB-INF/descr/okcu4.descr
[2016-11-30 11:11:07] REMOTE_ADD              /WEB-INF/descr/pwu2Last.descr
[2016-11-30 11:11:07] REMOTE_ADD              /WEB-INF/descr/oln35.descr
[2016-11-30 11:11:07] REMOTE_ADD              /page4.jsp
[2016-11-30 11:11:07] REMOTE_ADD              /BootstrapStyle/js/app.js
[2016-11-30 11:11:07] REMOTE_ADD      RESTART /WEB-INF/classes/db1.hibernate.cfg.xml
[2016-11-30 11:11:07] ADD                     /WEB-INF/descr/ln27.descr
[2016-11-30 11:11:07] REMOTE_ADD              /WEB-INF/classes/com/webratio/webapp/serviceRequest/ServiceRequest.class
[2016-11-30 11:11:07] REMOTE_ADD              /WEB-INF/descr/enu13.descr
[2016-11-30 11:11:07] REMOTE_ADD              /WEB-INF/descr/kln15.descr
[2016-11-30 11:11:07] REMOTE_ADD              /WEB-INF/descr/ln43.descr
[2016-11-30 11:11:07] REMOTE_ADD              /WEB-INF/descr/mfu1.descr
[2016-11-30 11:11:07] REMOTE_ADD              /WEB-INF/descr/ln5o.descr
[2016-11-30 11:11:07] REMOTE_ADD              /WEB-INF/descr/enu2.descr
[2016-11-30 11:11:07] REMOTE_ADD              /WEB-INF/descr/page6.descr
[2016-11-30 11:11:07] REMOTE_ADD              /WEB-INF/descr/ln25.descr
[2016-11-30 11:11:07] REMOTE_ADD              /WEB-INF/descr/pwu3.descr
[2016-11-30 11:11:07] REMOTE_ADD              /page3_ajax.jsp
[2016-11-30 11:11:07] REMOTE_UPDATE           /WEB-INF/classes/com/webratio/webapp/Group.java
[2016-11-30 11:11:07] REMOTE_ADD              /WEB-INF/descr/page3.link.descr
[2016-11-30 11:11:07] REMOTE_ADD              /WEB-INF/descr/kln8.descr
[2016-11-30 11:11:07] REMOTE_ADD              /BootstrapStyle/dist/css/slate/bootstrap.min.css
[2016-11-30 11:11:07] REMOTE_ADD              /BootstrapStyle/dist/css/compact/bootstrap.css
[2016-11-30 11:11:07] REMOTE_UPDATE           /WEB-INF/descr/_job.manager.descr
[2016-11-30 11:11:07] REMOTE_ADD              /WEB-INF/descr/ln24.descr
[2016-11-30 11:11:07] REMOTE_ADD              /WEB-INF/descr/lgu1.descr
[2016-11-30 11:11:07] REMOTE_ADD              /WEB-INF/descr/miu2.descr
[2016-11-30 11:11:07] REMOTE_ADD              /WEB-INF/descr/pwu1att41.descr
[2016-11-30 11:11:07] REMOTE_ADD              /WEB-INF/descr/pwu2First.descr
[2016-11-30 11:11:07] REMOTE_ADD              /WEB-INF/descr/page12.descr
[2016-11-30 11:11:07] REMOTE_ADD              /WEB-INF/descr/mpage3.descr
[2016-11-30 11:11:07] REMOTE_ADD              /WEB-INF/descr/ln28.descr
[2016-11-30 11:11:07] REMOTE_ADD              /BootstrapStyle/dist/fonts/glyphicons-halflings-regular.svg
[2016-11-30 11:11:07] REMOTE_ADD              /WEB-INF/descr/ln23.descr
[2016-11-30 11:11:07] REMOTE_ADD              /page5.jsp
[2016-11-30 11:11:07] REMOTE_ADD              /WEB-INF/descr/kln17.descr
[2016-11-30 11:11:07] REMOTE_ADD              /WEB-INF/descr/icu1.descr
[2016-11-30 11:11:07] REMOTE_ADD              /BootstrapStyle/dist/css/bootstrap.min.css
[2016-11-30 11:11:07] REMOTE_ADD              /WEB-INF/descr/pwu1Previous.descr
[2016-11-30 11:11:07] REMOTE_ADD              /WEB-INF/descr/ln32.descr
[2016-11-30 11:11:07] REMOTE_ADD              /WEB-INF/descr/oln11.descr
[2016-11-30 11:11:07] REMOTE_ADD              /WEB-INF/descr/page2.descr
[2016-11-30 11:11:07] REMOTE_UPDATE           /WEB-INF/classes/com/webratio/webapp/Module.class
[2016-11-30 11:11:07] REMOTE_ADD              /WEB-INF/descr/ln54.descr
[2016-11-30 11:11:07] REMOTE_ADD              /WEB-INF/descr/pwu2.descr
[2016-11-30 11:11:07] REMOTE_ADD              /WEB-INF/descr/oln4.descr
[2016-11-30 11:11:07] REMOTE_ADD              /WEB-INF/descr/page14.descr
[2016-11-30 11:11:07] REMOTE_ADD              /WEB-INF/descr/page14.link.descr
[2016-11-30 11:11:07] REMOTE_ADD              /WEB-INF/descr/ln35.descr
[2016-11-30 11:11:07] REMOTE_ADD              /WEB-INF/descr/page4.link.descr
[2016-11-30 11:11:07] REMOTE_ADD              /WEB-INF/descr/oln6.descr
[2016-11-30 11:11:07] REMOTE_ADD              /WEB-INF/descr/ln1.descr
[2016-11-30 11:11:07] REMOTE_ADD              /WEB-INF/descr/ln7.descr
[2016-11-30 11:11:07] REMOTE_ADD              /BootstrapStyle/css/components.css
[2016-11-30 11:11:07] REMOTE_ADD              /WEB-INF/descr/gtu2o.descr
[2016-11-30 11:11:07] REMOTE_ADD              /WEB-INF/descr/kln25.descr
[2016-11-30 11:11:07] REMOTE_ADD              /WEB-INF/descr/oln16.descr
[2016-11-30 11:11:07] REMOTE_ADD              /WEB-INF/descr/gtu2.descr
[2016-11-30 11:11:07] REMOTE_ADD              /WEB-INF/descr/opm4.descr
[2016-11-30 11:11:07] REMOTE_ADD              /WEB-INF/descr/kln27.descr
[2016-11-30 11:11:07] REMOTE_ADD              /BootstrapStyle/dist/css/bootstrap.css
[2016-11-30 11:11:07] REMOTE_UPDATE           /index.jsp
[2016-11-30 11:11:07] ADD                     /WEB-INF/descr/tmu1.descr
[2016-11-30 11:11:07] REMOTE_ADD              /WEB-INF/descr/enu4.descr
[2016-11-30 11:11:07] REMOTE_ADD              /WEB-INF/descr/seu3.descr
[2016-11-30 11:11:07] REMOTE_ADD              /WEB-INF/descr/kln14.descr
[2016-11-30 11:11:07] REMOTE_ADD              /WEB-INF/descr/mssu2.descr
[2016-11-30 11:11:07] REMOTE_ADD              /WEB-INF/descr/icu4.descr
[2016-11-30 11:11:07] REMOTE_ADD              /WEB-INF/descr/kln28.descr
[2016-11-30 11:11:07] REMOTE_UPDATE           /WEB-INF/descr/_i18n.descr
[2016-11-30 11:11:07] REMOTE_ADD              /WEB-INF/descr/enu1.descr
[2016-11-30 11:11:07] REMOTE_ADD              /WEB-INF/descr/oln17.descr
[2016-11-30 11:11:07] REMOTE_UPDATE           /WEB-INF/descr/mssu1.descr
[2016-11-30 11:11:07] REMOTE_ADD              /BootstrapStyle/dist/css/cerulean/bootstrap.css
[2016-11-30 11:11:07] REMOTE_ADD              /WEB-INF/descr/okcu1.descr
[2016-11-30 11:11:07] REMOTE_ADD              /WEB-INF/descr/icu2.descr
[2016-11-30 11:11:07] REMOTE_ADD              /WEB-INF/descr/mssu5.descr
[2016-11-30 11:11:07] REMOTE_ADD              /WEB-INF/descr/okcu2.descr
[2016-11-30 11:11:07] REMOTE_ADD              /BootstrapStyle/js/app.min.js
[2016-11-30 11:11:07] REMOTE_ADD              /WEB-INF/classes/com/webratio/webapp/Group.hbm.xml
[2016-11-30 11:11:07] REMOTE_ADD              /WEB-INF/descr/opm2.descr
[2016-11-30 11:11:07] REMOTE_ADD              /BootstrapStyle_Login.login.jsp
[2016-11-30 11:11:07] REMOTE_ADD              /BootstrapStyle/dist/js/bootstrap.min.js
[2016-11-30 11:11:07] REMOTE_ADD              /WEB-INF/administration/ProtectionSection.jsp
[2016-11-30 11:11:07] REMOTE_ADD              /BootstrapStyle/dist/css/spacelab/bootstrap.css
[2016-11-30 11:11:07] REMOTE_ADD              /WEB-INF/descr/oln31.descr
[2016-11-30 11:11:07] REMOTE_ADD              /WEB-INF/descr/miu5.descr
[2016-11-30 11:11:07] REMOTE_ADD              /BootstrapStyle/dist/css/compact/bootstrap.min.css
[2016-11-30 11:11:07] REMOTE_ADD              /WEB-INF/descr/mssu7.descr
[2016-11-30 11:11:07] REMOTE_ADD              /WEB-INF/descr/ln63.descr
[2016-11-30 11:11:07] REMOTE_ADD              /WEB-INF/descr/kln3.descr
[2016-11-30 11:11:07] REMOTE_ADD              /WEB-INF/descr/page16.link.descr
[2016-11-30 11:11:07] REMOTE_ADD              /WEB-INF/descr/dau2.descr
[2016-11-30 11:11:07] REMOTE_ADD              /WEB-INF/descr/mlu1.descr
[2016-11-30 11:11:07] REMOTE_ADD              /WEB-INF/descr/oln10.descr
[2016-11-30 11:11:07] REMOTE_ADD              /WEB-INF/descr/opu5.descr
[2016-11-30 11:11:07] REMOTE_ADD              /WEB-INF/classes/com/webratio/webapp/User.hbm.xml
[2016-11-30 11:11:07] REMOTE_ADD              /WEB-INF/descr/kocu1.descr
[2016-11-30 11:11:07] REMOTE_ADD              /WEB-INF/descr/pwu1Block.descr
[2016-11-30 11:11:07] REMOTE_ADD              /WEB-INF/descr/pwu1First.descr
[2016-11-30 11:11:07] REMOTE_ADD              /page13.jsp
[2016-11-30 11:11:07] REMOTE_ADD              /BootstrapStyle/js/bootstrap-filestyle.min.js
[2016-11-30 11:11:07] REMOTE_ADD              /WEB-INF/descr/kln4.descr
[2016-11-30 11:11:07] REMOTE_ADD              /WEB-INF/descr/pwu6.descr
[2016-11-30 11:11:07] REMOTE_ADD              /BootstrapStyle/dist/LICENSE
[2016-11-30 11:11:07] REMOTE_ADD              /WEB-INF/descr/enu12.descr
[2016-11-30 11:11:07] REMOTE_ADD              /page6.jsp
[2016-11-30 11:11:07] REMOTE_ADD              /WEB-INF/descr/ln4o.descr
[2016-11-30 11:11:07] REMOTE_UPDATE           /WEB-INF/classes/com/webratio/webapp/Module.java
[2016-11-30 11:11:07] REMOTE_ADD              /WEB-INF/descr/oln22.descr
[2016-11-30 11:11:07] REMOTE_ADD              /WEB-INF/descr/inn5.descr
[2016-11-30 11:11:07] REMOTE_ADD              /WEB-INF/classes/com/webratio/webapp/Module.hbm.xml
[2016-11-30 11:11:07] REMOTE_ADD              /BootstrapStyle/dist/css/united/bootstrap.css
[2016-11-30 11:11:07] REMOTE_ADD              /WEB-INF/descr/page8.descr
[2016-11-30 11:11:07] REMOTE_ADD              /WEB-INF/administration/LocalizationSection.jsp
[2016-11-30 11:11:07] REMOTE_ADD              /WEB-INF/descr/ln39.descr
[2016-11-30 11:11:07] REMOTE_ADD              /WEB-INF/descr/oln2.descr
[2016-11-30 11:11:07] REMOTE_ADD              /BootstrapStyle_Error.error.jsp
[2016-11-30 11:11:07] REMOTE_ADD              /WEB-INF/descr/pwu4.descr
[2016-11-30 11:11:07] REMOTE_ADD              /WEB-INF/descr/oln34.descr
[2016-11-30 11:11:07] REMOTE_ADD              /WEB-INF/descr/oln26.descr
[2016-11-30 11:11:07] REMOTE_UPDATE   RESTART /WEB-INF/conf/struts-config.xml
[2016-11-30 11:11:07] REMOTE_UPDATE           /WEB-INF/descr/_model.descr
[2016-11-30 11:11:07] REMOTE_ADD              /WEB-INF/descr/seu8.descr
[2016-11-30 11:11:07] REMOTE_ADD              /WEB-INF/descr/page5.descr
[2016-11-30 11:11:07] REMOTE_ADD              /WEB-INF/descr/seu1.descr
[2016-11-30 11:11:07] REMOTE_ADD              /WEB-INF/descr/ln5.descr
[2016-11-30 11:11:07] REMOTE_ADD              /BootstrapStyle/dist/css/bootstrap-theme.min.css
[2016-11-30 11:11:07] REMOTE_ADD              /BootstrapStyle/css/bpm.css
[2016-11-30 11:11:07] REMOTE_ADD              /WEB-INF/descr/pwu3att41.descr
[2016-11-30 11:11:07] REMOTE_ADD              /WEB-INF/descr/ln31.descr
[2016-11-30 11:11:07] REMOTE_ADD              /WEB-INF/descr/dlu5.descr
[2016-11-30 11:11:07] REMOTE_ADD              /WEB-INF/descr/kln18.descr
[2016-11-30 11:11:07] REMOTE_ADD              /WEB-INF/descr/ln40.descr
[2016-11-30 11:11:07] REMOTE_ADD              /WEB-INF/descr/mfu4.descr
[2016-11-30 11:11:07] REMOTE_ADD              /page12.jsp
[2016-11-30 11:11:07] REMOTE_ADD              /WEB-INF/descr/ln44.descr
[2016-11-30 11:11:07] REMOTE_ADD              /WEB-INF/descr/ln53.descr
[2016-11-30 11:11:07] REMOTE_ADD              /WEB-INF/descr/kocu4.descr
[2016-11-30 11:11:07] REMOTE_ADD              /BootstrapStyle/css/app.css
[2016-11-30 11:11:07] REMOTE_ADD              /WEB-INF/descr/ln20.descr
[2016-11-30 11:11:07] REMOTE_ADD              /WEB-INF/descr/oln7.descr
[2016-11-30 11:11:07] REMOTE_ADD              /WEB-INF/descr/kln1.descr
[2016-11-30 11:11:07] REMOTE_ADD              /WEB-INF/administration/PropertiesSection.jsp
[2016-11-30 11:11:07] REMOTE_ADD              /WEB-INF/descr/ln4.descr
[2016-11-30 11:11:07] REMOTE_ADD              /WEB-INF/descr/oln21.descr
[2016-11-30 11:11:07] REMOTE_ADD              /WEB-INF/descr/cru7.descr
[2016-11-30 11:11:07] REMOTE_ADD              /WEB-INF/descr/oln3.descr
[2016-11-30 11:11:07] REMOTE_ADD              /WEB-INF/descr/kln16.descr
[2016-11-30 11:11:07] REMOTE_UPDATE           /WEB-INF/descr/_auth.descr
[2016-11-30 11:11:07] REMOTE_ADD              /WEB-INF/descr/enu5.descr
[2016-11-30 11:11:07] REMOTE_ADD              /WEB-INF/descr/ln36.descr
[2016-11-30 11:11:07] REMOTE_ADD              /WEB-INF/descr/mpage1.descr
[2016-11-30 11:11:07] REMOTE_ADD              /WEB-INF/descr/page7.descr
[2016-11-30 11:11:07] REMOTE_ADD              /WEB-INF/descr/ln37.descr
[2016-11-30 11:11:07] REMOTE_ADD              /BootstrapStyle/dist/fonts/glyphicons-halflings-regular.eot
[2016-11-30 11:11:07] REMOTE_ADD              /page16.jsp
[2016-11-30 11:11:07] REMOTE_ADD              /WEB-INF/descr/page13.descr
[2016-11-30 11:11:07] REMOTE_ADD              /page3.jsp
[2016-11-30 11:11:07] REMOTE_ADD              /WEB-INF/descr/ln97.descr
[2016-11-30 11:11:07] UPDATE          RESTART /WEB-INF/lib/com.webratio.struts.jar
[2016-11-30 11:11:07] REMOTE_ADD              /WEB-INF/descr/opm3.descr
[2016-11-30 11:11:07] REMOTE_ADD              /WEB-INF/descr/pwu2Next.descr
[2016-11-30 11:11:07] REMOTE_ADD              /WEB-INF/descr/oln56.descr
[2016-11-30 11:11:07] REMOTE_ADD              /WEB-INF/descr/cru6.descr
[2016-11-30 11:11:07] REMOTE_ADD              /WEB-INF/descr/dau2o.descr
[2016-11-30 11:11:07] REMOTE_ADD              /WEB-INF/descr/okcu5.descr
[2016-11-30 11:11:07] REMOTE_UPDATE           /page1.jsp
[2016-11-30 11:11:07] REMOTE_ADD              /WEB-INF/descr/kocu2.descr
[2016-11-30 11:11:07] REMOTE_ADD              /BootstrapStyle/js/respond.min.js
[2016-11-30 11:11:07] REMOTE_ADD              /WEB-INF/descr/kln2.descr
[2016-11-30 11:11:07] REMOTE_ADD              /WEB-INF/descr/oln20.descr
[2016-11-30 11:11:07] REMOTE_ADD              /WEB-INF/descr/mssu3.descr
[2016-11-30 11:11:07] REMOTE_ADD              /WEB-INF/descr/ln33.descr
[2016-11-30 11:11:07] REMOTE_ADD              /WEB-INF/descr/groovy/launchSQL.groovy
[2016-11-30 11:11:07] REMOTE_ADD              /WEB-INF/descr/oln30.descr
[2016-11-30 11:11:07] REMOTE_ADD              /BootstrapStyle/js/html5shiv.min.js
[2016-11-30 11:11:07] REMOTE_ADD              /BootstrapStyle/dist/css/bootstrap-theme.css
[2016-11-30 11:11:07] REMOTE_ADD              /WEB-INF/descr/kln5.descr
[2016-11-30 11:11:07] REMOTE_ADD              /WEB-INF/descr/kocu5.descr
[2016-11-30 11:11:07] REMOTE_ADD              /WEB-INF/descr/pwu1Next.descr
[2016-11-30 11:11:07] REMOTE_ADD              /BootstrapStyle/dist/css/cerulean/bootstrap.min.css
[2016-11-30 11:11:07] REMOTE_UPDATE           /WEB-INF/classes/com/webratio/webapp/User.class
[2016-11-30 11:11:07] REMOTE_ADD              /WEB-INF/descr/dlu4.descr
[2016-11-30 11:11:07] REMOTE_ADD              /WEB-INF/administration/LogsSection.jsp
[2016-11-30 11:11:07] REMOTE_ADD              /WEB-INF/descr/pwu1.descr
[2016-11-30 11:11:07] REMOTE_ADD              /WEB-INF/descr/ln6.descr
[2016-11-30 11:11:07] REMOTE_ADD              /WEB-INF/descr/seu6.descr
[2016-11-30 11:11:07] REMOTE_ADD              /WEB-INF/descr/oln18.descr
[2016-11-30 11:11:07] REMOTE_ADD              /WEB-INF/descr/opm1.descr
[2016-11-30 11:11:07] REMOTE_ADD              /WEB-INF/descr/mfu6.descr
[2016-11-30 11:11:07] REMOTE_ADD              /WEB-INF/descr/kln12.descr
[2016-11-30 11:11:07] REMOTE_ADD              /WEB-INF/descr/miu6.descr
[2016-11-30 11:11:07] REMOTE_ADD              /WEB-INF/descr/miu3.descr
[2016-11-30 11:11:07] REMOTE_ADD      RESTART /WEB-INF/lib/mysql-connector-java.jar
[2016-11-30 11:11:07] REMOTE_ADD              /WEB-INF/descr/oln13.descr
[2016-11-30 11:11:07] REMOTE_ADD              /WEB-INF/descr/page17.descr
[2016-11-30 11:11:07] REMOTE_ADD              /WEB-INF/descr/pwu2Previous.descr
[2016-11-30 11:11:07] REMOTE_ADD              /page14.jsp
[2016-11-30 11:11:07] REMOTE_UPDATE           /WEB-INF/descr/_layout.descr
[2016-11-30 11:11:07] REMOTE_ADD              /WEB-INF/descr/lou1.descr
[2016-11-30 11:11:07] REMOTE_ADD              /WEB-INF/descr/ln38.descr
[2016-11-30 11:11:07] REMOTE_ADD              /BootstrapStyle/dist/css/united/bootstrap.min.css
[2016-11-30 11:11:07] REMOTE_ADD              /WEB-INF/descr/ln3.descr
[2016-11-30 11:11:07] REMOTE_ADD              /WEB-INF/descr/enu10.descr
[2016-11-30 11:11:07] REMOTE_ADD              /WEB-INF/descr/oln33.descr
[2016-11-30 11:11:07] REMOTE_ADD              /WEB-INF/descr/oln23.descr
[2016-11-30 11:11:07] REMOTE_ADD              /BootstrapStyle/dist/css/spacelab/bootstrap.min.css
[2016-11-30 11:11:07] REMOTE_ADD              /page2.jsp
[2016-11-30 11:11:07] REMOTE_ADD              /WEB-INF/descr/page4.descr
[2016-11-30 11:11:07] REMOTE_ADD              /BootstrapStyle/dist/css/slate/bootstrap.css
[2016-11-30 11:11:07] REMOTE_ADD              /WEB-INF/administration/GeneralSection.jsp
[2016-11-30 11:11:07] REMOTE_ADD              /WEB-INF/descr/oln9.descr
[2016-11-30 11:11:07] REMOTE_ADD              /page8.jsp
[2016-11-30 11:11:07] REMOTE_ADD              /WEB-INF/descr/inn3.descr
[2016-11-30 11:11:07] REMOTE_ADD              /WEB-INF/descr/kln26.descr
[2016-11-30 11:11:07] REMOTE_ADD              /WEB-INF/administration/WRAdminLogin.jsp
[2016-11-30 11:11:07] REMOTE_ADD              /WEB-INF/descr/ln22.descr
[2016-11-30 11:11:07] REMOTE_ADD              /page17.jsp
[2016-11-30 11:11:07] REMOTE_ADD              /WEB-INF/descr/cru4.descr
[2016-11-30 11:11:07] REMOTE_ADD              /WEB-INF/descr/page7.link.descr
[2016-11-30 11:11:07] REMOTE_ADD              /WEB-INF/descr/page3.descr
[2016-11-30 11:11:07] REMOTE_ADD              /WEB-INF/descr/oln32.descr
[2016-11-30 11:11:07] REMOTE_ADD              /WEB-INF/descr/ln42.descr
[2016-11-30 11:11:07] REMOTE_ADD              /BootstrapStyle/dist/fonts/glyphicons-halflings-regular.woff
[2016-11-30 11:11:07] REMOTE_ADD              /BootstrapStyle/dist/fonts/glyphicons-halflings-regular.ttf
[2016-11-30 11:11:07] REMOTE_ADD              /mailTemplate/confirmRegistrationEmail.xml.template
[2016-11-30 11:11:07] REMOTE_ADD              /WEB-INF/descr/opu4.descr
[2016-11-30 11:11:07] REMOTE_ADD              /BootstrapStyle/dist/js/bootstrap.js
[2016-11-30 11:11:07] REMOTE_UPDATE   RESTART /WEB-INF/classes/datamodel.xml
[2016-11-30 11:11:07] REMOTE_ADD              /WEB-INF/descr/kln19.descr
[2016-11-30 11:11:07] REMOTE_UPDATE           /WEB-INF/classes/com/webratio/webapp/User.java
[2016-11-30 11:11:07] REMOTE_ADD              /WEB-INF/descr/ln12.descr
[2016-11-30 11:11:07] REMOTE_ADD              /WEB-INF/descr/ln2.descr
[2016-11-30 11:11:07] REMOTE_ADD              /WEB-INF/descr/icu6.descr
[2016-11-30 11:11:07] REMOTE_ADD              /WEB-INF/descr/oln1.descr
[2016-11-30 11:11:07] REMOTE_ADD              /page7.jsp
[2016-11-30 11:11:07] REMOTE_UPDATE           /WEB-INF/descr/_access.descr
[2016-11-30 11:11:07] REMOTE_ADD              /WEB-INF/descr/page8.link.descr
[2016-11-30 11:11:07] REMOTE_ADD              /WEB-INF/administration/WRAdmin.jsp
[2016-11-30 11:11:07] REMOTE_ADD              /WEB-INF/classes/com/webratio/webapp/serviceRequest/ServiceRequest.hbm.xml
[2016-11-30 11:11:07] REMOTE_UPDATE           /WEB-INF/classes/com/webratio/webapp/Group.class
[2016-11-30 11:11:07] DELETE                  /wr-css/menu.css
[2016-11-30 11:11:07] DELETE                  /wr-images/icons/navigate_down_10.gif
[2016-11-30 11:11:07] DELETE                  /wr-images/icons/navigate_right_10.gif
[2016-11-30 11:11:07] DELETE                  /wr-images/icons/sort_ascending.png
[2016-11-30 11:11:07] DELETE                  /WebRatio_Default.error.jsp
[2016-11-30 11:11:07] DELETE                  /WebRatio_Default.login.jsp
[2016-11-30 11:11:07] DELETE                  /wr-images/icons/sort_descending.png
[2016-11-30 11:11:07] DELETE                  /wr-images/spacer.gif
[2016-11-30 11:11:07] DELETE                  /wr-images/home_bc.png
[2016-11-30 11:11:07] DELETE                  /wr-js/respond.min.js
[2016-11-30 11:11:07] DELETE                  /wr-images/icons/dialog-max.png
[2016-11-30 11:11:07] DELETE                  /wr-js/responsive-menu.js
[2016-11-30 11:11:07] DELETE                  /wr-css/global.css
[2016-11-30 11:11:07] DELETE                  /wr-images/logo_big.png
[2016-11-30 11:11:07] DELETE                  /wr-images/icons/dialog-close.png
[2016-11-30 11:11:07] DELETE                  /wr-css/units.css
[2016-11-30 11:11:07] DELETE                  /wr-images/icons/unSelectAll.gif
[2016-11-30 11:11:07] DELETE                  /wr-images/icons/dialog-min.png
[2016-11-30 11:11:07] DELETE                  /wr-images/icons/selectAll.gif
[2016-11-30 11:11:07] DELETE                  /WEB-INF/descr/page1.link.descr
[2016-11-30 11:11:07] --------------------------------------------
[2016-11-30 11:11:07] Stopping application server
[2016-11-30 11:11:18] Uploading changes (366.1 KB)
[2016-11-30 11:11:22] Starting application server
