[2016-12-01 12:27:55] Uploading application on server [52.48.126.208]
[2016-12-01 12:27:55] Computing changes...
[2016-12-01 12:27:56] Found 23 file(s) changed
[2016-12-01 12:27:56] --------------------------------------------
[2016-12-01 12:27:56] UPDATE                  /WEB-INF/descr/cru1.descr
[2016-12-01 12:27:56] UPDATE                  /WEB-INF/classes/com/webratio/webapp/serviceRequest/ServiceRequest.java
[2016-12-01 12:27:56] UPDATE                  /WEB-INF/descr/page16.descr
[2016-12-01 12:27:56] UPDATE                  /WEB-INF/classes/com/webratio/webapp/serviceRequest/ServiceRequest.class
[2016-12-01 12:27:56] UPDATE                  /WEB-INF/descr/mfu1.descr
[2016-12-01 12:27:56] UPDATE                  /WEB-INF/descr/pwu3.descr
[2016-12-01 12:27:56] UPDATE                  /WEB-INF/classes/com/webratio/webapp/Group.hbm.xml
[2016-12-01 12:27:56] UPDATE                  /WEB-INF/classes/com/webratio/webapp/User.hbm.xml
[2016-12-01 12:27:56] UPDATE                  /WEB-INF/descr/ln39.descr
[2016-12-01 12:27:56] UPDATE          RESTART /WEB-INF/conf/struts-config.xml
[2016-12-01 12:27:56] UPDATE                  /WEB-INF/descr/_model.descr
[2016-12-01 12:27:56] UPDATE                  /WEB-INF/descr/cru7.descr
[2016-12-01 12:27:56] UPDATE                  /page16.jsp
[2016-12-01 12:27:56] UPDATE          RESTART /WEB-INF/lib/com.webratio.struts.jar
[2016-12-01 12:27:56] UPDATE                  /WEB-INF/descr/cru6.descr
[2016-12-01 12:27:56] ADD                     /WEB-INF/descr/gtu1.descr
[2016-12-01 12:27:56] UPDATE                  /WEB-INF/classes/com/webratio/webapp/User.class
[2016-12-01 12:27:56] ADD                     /WEB-INF/descr/ln17.descr
[2016-12-01 12:27:56] UPDATE                  /page14.jsp
[2016-12-01 12:27:56] UPDATE                  /WEB-INF/descr/enu10.descr
[2016-12-01 12:27:56] UPDATE          RESTART /WEB-INF/classes/datamodel.xml
[2016-12-01 12:27:56] UPDATE                  /WEB-INF/classes/com/webratio/webapp/User.java
[2016-12-01 12:27:56] UPDATE                  /WEB-INF/classes/com/webratio/webapp/serviceRequest/ServiceRequest.hbm.xml
[2016-12-01 12:27:56] --------------------------------------------
[2016-12-01 12:27:56] Stopping application server
[2016-12-01 12:28:07] Uploading changes (447.8 KB)
[2016-12-01 12:28:11] Starting application server
