[2016-12-01 12:37:39] Uploading application on server [52.48.126.208]
[2016-12-01 12:37:39] Computing changes...
[2016-12-01 12:37:40] Found 48 file(s) changed
[2016-12-01 12:37:40] --------------------------------------------
[2016-12-01 12:37:40] UPDATE                  /WEB-INF/descr/cru1.descr
[2016-12-01 12:37:40] UPDATE                  /WEB-INF/descr/seu7.descr
[2016-12-01 12:37:40] ADD                     /WEB-INF/descr/pwu4groupOID.descr
[2016-12-01 12:37:40] UPDATE                  /WEB-INF/descr/ln30.descr
[2016-12-01 12:37:40] REMOTE_UPDATE           /page4.jsp
[2016-12-01 12:37:40] UPDATE                  /WEB-INF/descr/ln43.descr
[2016-12-01 12:37:40] UPDATE                  /WEB-INF/descr/mfu1.descr
[2016-12-01 12:37:40] UPDATE                  /WEB-INF/descr/miu2.descr
[2016-12-01 12:37:40] UPDATE                  /WEB-INF/descr/page12.descr
[2016-12-01 12:37:40] REMOTE_UPDATE           /WEB-INF/descr/mpage3.descr
[2016-12-01 12:37:40] UPDATE                  /WEB-INF/descr/ln23.descr
[2016-12-01 12:37:40] ADD                     /WEB-INF/descr/ln18.descr
[2016-12-01 12:37:40] REMOTE_UPDATE           /page5.jsp
[2016-12-01 12:37:40] UPDATE                  /WEB-INF/descr/pwu5.descr
[2016-12-01 12:37:40] REMOTE_UPDATE           /WEB-INF/classes/com/webratio/webapp/Group.hbm.xml
[2016-12-01 12:37:40] ADD                     /WEB-INF/descr/pwu6userOID.descr
[2016-12-01 12:37:40] UPDATE                  /WEB-INF/descr/miu5.descr
[2016-12-01 12:37:40] UPDATE                  /WEB-INF/classes/com/webratio/webapp/User.hbm.xml
[2016-12-01 12:37:40] UPDATE                  /page13.jsp
[2016-12-01 12:37:40] UPDATE                  /WEB-INF/descr/pwu6.descr
[2016-12-01 12:37:40] UPDATE                  /WEB-INF/descr/enu12.descr
[2016-12-01 12:37:40] UPDATE                  /page6.jsp
[2016-12-01 12:37:40] UPDATE                  /WEB-INF/descr/pwu4.descr
[2016-12-01 12:37:40] UPDATE          RESTART /WEB-INF/conf/struts-config.xml
[2016-12-01 12:37:40] UPDATE                  /WEB-INF/descr/_model.descr
[2016-12-01 12:37:40] UPDATE                  /WEB-INF/descr/dlu5.descr
[2016-12-01 12:37:40] UPDATE                  /page12.jsp
[2016-12-01 12:37:40] UPDATE                  /WEB-INF/descr/cru7.descr
[2016-12-01 12:37:40] ADD                     /WEB-INF/descr/pwu6userName.descr
[2016-12-01 12:37:40] UPDATE                  /WEB-INF/descr/page7.descr
[2016-12-01 12:37:40] UPDATE                  /page16.jsp
[2016-12-01 12:37:40] UPDATE                  /page3.jsp
[2016-12-01 12:37:40] UPDATE          RESTART /WEB-INF/lib/com.webratio.struts.jar
[2016-12-01 12:37:40] UPDATE                  /WEB-INF/descr/pwu1.descr
[2016-12-01 12:37:40] UPDATE                  /WEB-INF/descr/page10.descr
[2016-12-01 12:37:40] UPDATE                  /WEB-INF/descr/miu6.descr
[2016-12-01 12:37:40] UPDATE                  /WEB-INF/descr/miu3.descr
[2016-12-01 12:37:40] UPDATE                  /page14.jsp
[2016-12-01 12:37:40] UPDATE                  /WEB-INF/descr/dlu1.descr
[2016-12-01 12:37:40] REMOTE_UPDATE           /page8.jsp
[2016-12-01 12:37:40] REMOTE_ADD              /WEB-INF/descr/gtu3.descr
[2016-12-01 12:37:40] REMOTE_UPDATE           /page17.jsp
[2016-12-01 12:37:40] UPDATE                  /WEB-INF/descr/page3.descr
[2016-12-01 12:37:40] UPDATE                  /WEB-INF/descr/ln42.descr
[2016-12-01 12:37:40] UPDATE                  /WEB-INF/descr/opu4.descr
[2016-12-01 12:37:40] UPDATE          RESTART /WEB-INF/classes/datamodel.xml
[2016-12-01 12:37:40] UPDATE                  /page7.jsp
[2016-12-01 12:37:40] DELETE                  /WEB-INF/descr/ln14.descr
[2016-12-01 12:37:40] --------------------------------------------
[2016-12-01 12:37:40] Stopping application server
[2016-12-01 12:37:52] Uploading changes (534.6 KB)
[2016-12-01 12:37:54] Starting application server
