[2016-11-30 11:33:25] Uploading application on server [52.210.230.236]
[2016-11-30 11:33:25] Computing changes...
[2016-11-30 11:33:27] Found 17 file(s) changed
[2016-11-30 11:33:27] --------------------------------------------
[2016-11-30 11:33:27] REMOTE_UPDATE           /WEB-INF/classes/com/webratio/webapp/serviceRequest/ServiceRequest.java
[2016-11-30 11:33:27] REMOTE_UPDATE           /WEB-INF/descr/page16.descr
[2016-11-30 11:33:27] REMOTE_UPDATE           /WEB-INF/classes/com/webratio/webapp/serviceRequest/ServiceRequest.class
[2016-11-30 11:33:27] REMOTE_UPDATE           /WEB-INF/descr/mfu1.descr
[2016-11-30 11:33:27] REMOTE_UPDATE           /WEB-INF/descr/pwu3.descr
[2016-11-30 11:33:27] REMOTE_UPDATE           /WEB-INF/descr/ln39.descr
[2016-11-30 11:33:27] REMOTE_UPDATE   RESTART /WEB-INF/conf/struts-config.xml
[2016-11-30 11:33:27] REMOTE_UPDATE           /WEB-INF/descr/_model.descr
[2016-11-30 11:33:27] REMOTE_UPDATE           /page16.jsp
[2016-11-30 11:33:27] UPDATE          RESTART /WEB-INF/lib/com.webratio.struts.jar
[2016-11-30 11:33:27] REMOTE_UPDATE           /WEB-INF/descr/cru6.descr
[2016-11-30 11:33:27] REMOTE_UPDATE           /page14.jsp
[2016-11-30 11:33:27] REMOTE_UPDATE           /WEB-INF/descr/enu10.descr
[2016-11-30 11:33:27] REMOTE_UPDATE   RESTART /WEB-INF/classes/datamodel.xml
[2016-11-30 11:33:27] REMOTE_UPDATE           /WEB-INF/classes/com/webratio/webapp/serviceRequest/ServiceRequest.hbm.xml
[2016-11-30 11:33:27] DELETE                  /WEB-INF/descr/ln9.descr
[2016-11-30 11:33:27] DELETE                  /WEB-INF/descr/gtu1.descr
[2016-11-30 11:33:27] --------------------------------------------
[2016-11-30 11:33:27] Stopping application server
[2016-11-30 11:33:38] Uploading changes (361.9 KB)
[2016-11-30 11:33:40] Starting application server
