[2016-12-01 12:43:07] Uploading application on server [52.48.126.208]
[2016-12-01 12:43:07] Computing changes...
[2016-12-01 12:43:09] Found 15 file(s) changed
[2016-12-01 12:43:09] --------------------------------------------
[2016-12-01 12:43:09] UPDATE                  /WEB-INF/descr/page16.descr
[2016-12-01 12:43:09] UPDATE                  /page4.jsp
[2016-12-01 12:43:09] UPDATE                  /WEB-INF/descr/mpage3.descr
[2016-12-01 12:43:09] UPDATE                  /page5.jsp
[2016-12-01 12:43:09] REMOTE_ADD              /WEB-INF/descr/gtu4.descr
[2016-12-01 12:43:09] REMOTE_ADD              /WEB-INF/descr/ln19.descr
[2016-12-01 12:43:09] ADD                     /WEB-INF/descr/ln21.descr
[2016-12-01 12:43:09] UPDATE                  /page16.jsp
[2016-12-01 12:43:09] UPDATE          RESTART /WEB-INF/lib/com.webratio.struts.jar
[2016-12-01 12:43:09] UPDATE                  /WEB-INF/descr/page10.descr
[2016-12-01 12:43:09] UPDATE                  /page14.jsp
[2016-12-01 12:43:09] UPDATE                  /page8.jsp
[2016-12-01 12:43:09] UPDATE                  /page17.jsp
[2016-12-01 12:43:09] DELETE                  /WEB-INF/descr/gtu1.descr
[2016-12-01 12:43:09] DELETE                  /WEB-INF/descr/ln17.descr
[2016-12-01 12:43:09] --------------------------------------------
[2016-12-01 12:43:09] Stopping application server
[2016-12-01 12:43:19] Uploading changes (452.1 KB)
[2016-12-01 12:43:22] Starting application server
