[2016-11-30 13:28:47] Uploading application on server [52.210.230.236]
[2016-11-30 13:28:47] Computing changes...
[2016-11-30 13:28:49] Found 12 file(s) changed
[2016-11-30 13:28:49] --------------------------------------------
[2016-11-30 13:28:49] REMOTE_UPDATE           /WEB-INF/classes/com/webratio/webapp/serviceRequest/ServiceRequest.java
[2016-11-30 13:28:49] REMOTE_UPDATE           /WEB-INF/classes/com/webratio/webapp/serviceRequest/ServiceRequest.class
[2016-11-30 13:28:49] UPDATE                  /WEB-INF/descr/ln39.descr
[2016-11-30 13:28:49] UPDATE                  /WEB-INF/descr/_auth.descr
[2016-11-30 13:28:49] UPDATE          RESTART /WEB-INF/lib/com.webratio.struts.jar
[2016-11-30 13:28:49] UPDATE                  /WEB-INF/descr/cru6.descr
[2016-11-30 13:28:49] ADD             RESTART /WEB-INF/classes/db3.hibernate.cfg.xml
[2016-11-30 13:28:49] UPDATE          RESTART /WEB-INF/classes/datamodel.xml
[2016-11-30 13:28:49] UPDATE                  /WEB-INF/descr/_access.descr
[2016-11-30 13:28:49] REMOTE_UPDATE           /WEB-INF/classes/com/webratio/webapp/serviceRequest/ServiceRequest.hbm.xml
[2016-11-30 13:28:49] DELETE                  /upload/ent8/1/fan.jpg
[2016-11-30 13:28:49] DELETE          RESTART /WEB-INF/classes/db1.hibernate.cfg.xml
[2016-11-30 13:28:49] --------------------------------------------
[2016-11-30 13:28:49] Stopping application server
[2016-11-30 13:28:59] Uploading changes (373.8 KB)
[2016-11-30 13:29:02] Starting application server
