[2016-11-26 16:55:00] Uploading application on server [52.213.220.88]
[2016-11-26 16:55:00] Computing changes...
[2016-11-26 16:55:02] Found 12 file(s) changed
[2016-11-26 16:55:02] --------------------------------------------
[2016-11-26 16:55:02] UPDATE                  /WEB-INF/descr/mailTemplate/confirmRegistrationEmail.xml.template
[2016-11-26 16:55:02] UPDATE          RESTART /WEB-INF/lib/com.webratio.struts.jar
[2016-11-26 16:55:02] UPDATE          RESTART /WEB-INF/classes/ApplicationResources_en_US.properties
[2016-11-26 16:55:02] DELETE                  /WEB-INF/descr/sql/structureSQLServer.sql
[2016-11-26 16:55:02] DELETE                  /upload/ent8/1/tumblr_ogr5h7dyHI1tiospyo1_540.jpg
[2016-11-26 16:55:02] DELETE                  /WEB-INF/descr/sql/dataOracle9i.sql
[2016-11-26 16:55:02] DELETE                  /WEB-INF/descr/sql/data.sql
[2016-11-26 16:55:02] DELETE                  /WEB-INF/descr/sql/structureOracle9i.sql
[2016-11-26 16:55:02] DELETE                  /WEB-INF/descr/sql/dataPostgreSQL.sql
[2016-11-26 16:55:02] DELETE                  /WEB-INF/descr/sql/structurePostgreSQL.sql
[2016-11-26 16:55:02] DELETE                  /WEB-INF/descr/sql/dataSQLServer.sql
[2016-11-26 16:55:02] DELETE                  /WEB-INF/descr/sql/structure.sql
[2016-11-26 16:55:02] --------------------------------------------
[2016-11-26 16:55:02] Stopping application server
[2016-11-26 16:55:13] Uploading changes (370.7 KB)
[2016-11-26 16:55:17] Starting application server
